DEBUG:root:Order:2 3 10.0
DEBUG:root:Finish turn

DEBUG:root:Order:2 4 10.0
DEBUG:root:Finish turn

DEBUG:root:Order:2 19 15.0
DEBUG:root:Finish turn

DEBUG:root:Order:2 20 15.0
DEBUG:root:Order:2 4 32
DEBUG:root:Finish turn

DEBUG:root:Order:2 15 20.0
DEBUG:root:Bad order:4 3.0 8
DEBUG:root:Finish turn

DEBUG:root:Order:2 16 20.0
DEBUG:root:Order:4 0 26.0
DEBUG:root:Order:4 2 4
DEBUG:root:Finish turn

DEBUG:root:Order:2 4 1
DEBUG:root:Finish turn

DEBUG:root:Order:2 19 11
DEBUG:root:Order:4 19 7
DEBUG:root:Finish turn

DEBUG:root:Order:2 19 2
DEBUG:root:Order:2 4 2
DEBUG:root:Finish turn

DEBUG:root:Order:2 19 1
DEBUG:root:Order:4 19 1
DEBUG:root:Finish turn

DEBUG:root:Order:2 19 1
DEBUG:root:Order:2 4 2
DEBUG:root:Finish turn

DEBUG:root:Order:2 15 10
DEBUG:root:Order:4 15 9
DEBUG:root:Bad order:19 5.0 6
DEBUG:root:Finish turn

DEBUG:root:Order:19 15 4
DEBUG:root:Order:2 15 2
DEBUG:root:Order:2 4 2
DEBUG:root:Finish turn

DEBUG:root:Finish turn

DEBUG:root:Order:2 19 3
DEBUG:root:Finish turn

DEBUG:root:Order:2 19 1
DEBUG:root:Order:2 4 2
DEBUG:root:Finish turn

DEBUG:root:Order:2 19 1
DEBUG:root:Finish turn

DEBUG:root:Order:2 19 2
DEBUG:root:Finish turn

DEBUG:root:Order:2 0 13
DEBUG:root:Order:15 0 11
DEBUG:root:Order:4 0 9
DEBUG:root:Order:19 0 7
DEBUG:root:Finish turn

DEBUG:root:Order:2 0 2
DEBUG:root:Order:2 19 1
DEBUG:root:Order:2 4 2
DEBUG:root:Finish turn

DEBUG:root:Order:15 9 40.0
DEBUG:root:Order:4 15 9
DEBUG:root:Order:2 15 8
DEBUG:root:Bad order:0 3.0 6
DEBUG:root:Order:19 15 6
DEBUG:root:Finish turn

DEBUG:root:Bad order:0 4.0 5
DEBUG:root:Order:2 15 3
DEBUG:root:Finish turn

DEBUG:root:Order:0 15 3
DEBUG:root:Order:0 19 2
DEBUG:root:Bad order:0 0.0 3
DEBUG:root:Order:2 4 2
DEBUG:root:Finish turn

DEBUG:root:Order:2 0 2
DEBUG:root:Order:2 19 1
DEBUG:root:Finish turn

DEBUG:root:Order:2 0 2
DEBUG:root:Order:2 19 2
DEBUG:root:Finish turn

DEBUG:root:Order:2 0 1
DEBUG:root:Order:2 19 1
DEBUG:root:Finish turn

DEBUG:root:Order:2 0 2
DEBUG:root:Order:2 19 2
DEBUG:root:Finish turn

DEBUG:root:Order:15 0 1
DEBUG:root:Order:15 19 1
DEBUG:root:Order:15 4 2
DEBUG:root:Finish turn

DEBUG:root:Order:15 10 40.0
DEBUG:root:Order:2 15 12
DEBUG:root:Order:4 15 10
DEBUG:root:Order:19 15 7
DEBUG:root:Finish turn

DEBUG:root:Order:2 15 2
DEBUG:root:Order:2 19 1
DEBUG:root:Finish turn

DEBUG:root:Order:2 19 1
DEBUG:root:Order:2 4 2
DEBUG:root:Finish turn

DEBUG:root:Order:2 0 2
DEBUG:root:Order:2 19 1
DEBUG:root:Finish turn

DEBUG:root:Order:2 0 3
DEBUG:root:Order:15 0 3
DEBUG:root:Order:4 0 2
DEBUG:root:Order:4 19 2
DEBUG:root:Finish turn

DEBUG:root:Order:2 0 2
DEBUG:root:Order:2 4 2
DEBUG:root:Finish turn

DEBUG:root:Order:2 0 1
DEBUG:root:Order:2 19 1
DEBUG:root:Order:2 4 1
DEBUG:root:Order:15 4 1
DEBUG:root:Finish turn

DEBUG:root:Order:2 9 17
DEBUG:root:Order:4 9 17
DEBUG:root:Order:15 9 17
DEBUG:root:Order:19 9 10
DEBUG:root:Order:19 0 4
DEBUG:root:Finish turn

DEBUG:root:Order:2 0 1
DEBUG:root:Order:2 19 1
DEBUG:root:Order:2 4 2
DEBUG:root:Finish turn

DEBUG:root:Order:2 0 1
DEBUG:root:Order:2 19 1
DEBUG:root:Order:2 9 1
DEBUG:root:Order:4 9 1
DEBUG:root:Order:15 9 1
DEBUG:root:Finish turn

DEBUG:root:Order:9 0 2
DEBUG:root:Order:2 0 1
DEBUG:root:Order:15 0 1
DEBUG:root:Finish turn

DEBUG:root:Order:2 0 3
DEBUG:root:Order:2 19 2
DEBUG:root:Finish turn

DEBUG:root:Order:15 0 1
DEBUG:root:Order:15 19 1
DEBUG:root:Finish turn

DEBUG:root:Order:2 0 5
DEBUG:root:Order:15 0 2
DEBUG:root:Order:4 0 1
DEBUG:root:Order:9 0 1
DEBUG:root:Order:9 19 1
DEBUG:root:Finish turn

DEBUG:root:Order:2 0 2
DEBUG:root:Order:2 9 1
DEBUG:root:Order:2 19 1
DEBUG:root:Finish turn

DEBUG:root:Order:2 0 1
DEBUG:root:Order:2 19 1
DEBUG:root:Order:2 4 1
DEBUG:root:Order:15 4 1
DEBUG:root:Finish turn

DEBUG:root:Order:2 0 2
DEBUG:root:Order:4 0 2
DEBUG:root:Order:15 0 2
DEBUG:root:Order:15 19 2
DEBUG:root:Finish turn

DEBUG:root:Order:2 0 2
DEBUG:root:Order:2 15 1
DEBUG:root:Finish turn

DEBUG:root:Order:2 5 46.0
DEBUG:root:Order:15 2 11
DEBUG:root:Order:4 2 10
DEBUG:root:Order:0 2 9
DEBUG:root:Order:19 2 2
DEBUG:root:Order:19 10 8
DEBUG:root:Finish turn

DEBUG:root:Bad order:2 6.0 10
DEBUG:root:Order:9 10 10
DEBUG:root:Order:15 10 9
DEBUG:root:Order:4 10 8
DEBUG:root:Order:19 10 6
DEBUG:root:Finish turn

DEBUG:root:Order:2 0 8
DEBUG:root:Order:2 10 4
DEBUG:root:Order:2 19 1
DEBUG:root:Bad order:2 8.0 12
DEBUG:root:Finish turn

DEBUG:root:Order:2 19 1
DEBUG:root:Order:2 4 2
DEBUG:root:Order:15 4 1
DEBUG:root:Finish turn

DEBUG:root:Order:2 19 1
DEBUG:root:Order:4 19 1
DEBUG:root:Order:4 9 1
DEBUG:root:Order:4 10 1
DEBUG:root:Finish turn

DEBUG:root:Order:2 5 15
DEBUG:root:Order:15 5 13
DEBUG:root:Order:9 5 11
DEBUG:root:Order:10 5 11
DEBUG:root:Order:4 5 10
DEBUG:root:Order:19 5 10
DEBUG:root:Finish turn

DEBUG:root:Order:2 19 1
DEBUG:root:Order:2 4 2
DEBUG:root:Order:5 4 1
DEBUG:root:Finish turn

DEBUG:root:Order:5 0 3
DEBUG:root:Order:2 0 1
DEBUG:root:Order:2 19 2
DEBUG:root:Order:2 9 1
DEBUG:root:Order:2 10 1
DEBUG:root:Finish turn

DEBUG:root:Order:5 0 8
DEBUG:root:Order:4 0 7
DEBUG:root:Order:15 0 7
DEBUG:root:Order:2 0 5
DEBUG:root:Order:9 0 5
DEBUG:root:Order:10 0 5
DEBUG:root:Order:19 0 4
DEBUG:root:Finish turn

DEBUG:root:Order:2 0 3
DEBUG:root:Order:5 0 3
DEBUG:root:Order:5 19 3
DEBUG:root:Order:15 19 1
DEBUG:root:Finish turn

DEBUG:root:Order:2 0 2
DEBUG:root:Order:2 4 2
DEBUG:root:Order:19 4 1
DEBUG:root:Finish turn

DEBUG:root:Order:4 0 2
DEBUG:root:Order:4 9 1
DEBUG:root:Order:4 19 1
DEBUG:root:Finish turn

DEBUG:root:Order:2 4 2
DEBUG:root:Order:2 0 1
DEBUG:root:Order:2 19 1
DEBUG:root:Order:2 9 3
DEBUG:root:Order:15 9 1
DEBUG:root:Finish turn

DEBUG:root:Order:9 5 5
DEBUG:root:Order:15 5 3
DEBUG:root:Order:2 5 1
DEBUG:root:Order:4 5 1
DEBUG:root:Finish turn

DEBUG:root:Order:2 0 1
DEBUG:root:Order:2 19 1
DEBUG:root:Order:2 4 2
DEBUG:root:Order:5 4 1
DEBUG:root:Finish turn

DEBUG:root:Order:5 0 2
DEBUG:root:Order:5 19 2
DEBUG:root:Order:5 9 1
DEBUG:root:Finish turn

DEBUG:root:Order:2 0 2
DEBUG:root:Order:2 19 2
DEBUG:root:Order:2 9 1
DEBUG:root:Finish turn

DEBUG:root:Order:5 0 1
DEBUG:root:Order:5 19 1
DEBUG:root:Order:5 9 2
DEBUG:root:Order:15 9 1
DEBUG:root:Finish turn

DEBUG:root:Order:2 0 2
DEBUG:root:Order:2 19 2
DEBUG:root:Order:2 4 2
DEBUG:root:Order:9 4 1
DEBUG:root:Finish turn

DEBUG:root:Order:15 11 54.0
DEBUG:root:Order:5 15 10
DEBUG:root:Order:4 15 9
DEBUG:root:Order:9 15 7
DEBUG:root:Order:2 15 6
DEBUG:root:Order:0 15 5
DEBUG:root:Order:19 15 5
DEBUG:root:Finish turn

DEBUG:root:Order:2 15 2
DEBUG:root:Order:5 15 1
DEBUG:root:Order:5 0 1
DEBUG:root:Order:5 19 1
DEBUG:root:Order:5 4 2
DEBUG:root:Finish turn

DEBUG:root:Order:2 0 1
DEBUG:root:Order:2 19 1
DEBUG:root:Order:2 9 3
DEBUG:root:Order:4 9 1
DEBUG:root:Finish turn

DEBUG:root:Order:5 0 2
DEBUG:root:Order:5 19 2
DEBUG:root:Order:5 4 2
DEBUG:root:Order:9 4 2
DEBUG:root:Finish turn

DEBUG:root:Order:2 0 22
DEBUG:root:Order:4 0 22
DEBUG:root:Bad order:15 18.0 20
DEBUG:root:Order:9 0 19
DEBUG:root:Order:5 0 18
DEBUG:root:Order:19 0 17
DEBUG:root:Finish turn

DEBUG:root:Order:15 0 21
DEBUG:root:Order:2 0 2
DEBUG:root:Order:2 11 2
DEBUG:root:Order:2 19 3
DEBUG:root:Order:5 19 3
DEBUG:root:Finish turn

DEBUG:root:Order:19 0 2
DEBUG:root:Order:19 2 1
DEBUG:root:Order:19 4 3
DEBUG:root:Order:5 4 2
DEBUG:root:Finish turn

DEBUG:root:Order:4 19 3
DEBUG:root:Order:5 19 1
DEBUG:root:Order:5 0 2
DEBUG:root:Order:5 9 1
DEBUG:root:Finish turn

DEBUG:root:Order:2 0 2
DEBUG:root:Order:2 19 2
DEBUG:root:Order:2 9 1
DEBUG:root:Order:2 4 3
DEBUG:root:Order:11 4 2
DEBUG:root:Finish turn

DEBUG:root:Order:4 0 2
DEBUG:root:Order:4 2 2
DEBUG:root:Order:4 19 2
DEBUG:root:Order:4 9 1
DEBUG:root:Finish turn

DEBUG:root:Order:5 4 4
DEBUG:root:Order:5 0 2
DEBUG:root:Order:5 19 2
DEBUG:root:Order:5 9 1
DEBUG:root:Finish turn

DEBUG:root:Order:2 0 2
DEBUG:root:Order:2 5 2
DEBUG:root:Order:2 19 2
DEBUG:root:Order:2 4 1
DEBUG:root:Order:2 9 1
DEBUG:root:Finish turn

DEBUG:root:Order:11 14 62.0
DEBUG:root:Order:5 11 9
DEBUG:root:Order:15 11 8
DEBUG:root:Order:4 11 6
DEBUG:root:Order:9 11 6
DEBUG:root:Order:0 11 5
DEBUG:root:Order:2 11 5
DEBUG:root:Order:19 11 5
DEBUG:root:Finish turn

DEBUG:root:Order:2 11 2
DEBUG:root:Order:5 11 2
DEBUG:root:Order:5 0 1
DEBUG:root:Order:5 19 1
DEBUG:root:Order:5 4 2
DEBUG:root:Finish turn

DEBUG:root:Order:2 0 2
DEBUG:root:Order:2 19 2
DEBUG:root:Order:2 5 1
DEBUG:root:Order:2 9 1
DEBUG:root:Finish turn

DEBUG:root:Order:5 0 1
DEBUG:root:Order:5 19 1
DEBUG:root:Order:5 2 2
DEBUG:root:Order:11 2 2
DEBUG:root:Order:15 2 1
DEBUG:root:Finish turn

DEBUG:root:Order:2 8 64.0
DEBUG:root:Order:11 2 9
DEBUG:root:Order:5 2 8
DEBUG:root:Order:15 2 8
DEBUG:root:Order:4 2 7
DEBUG:root:Order:9 2 6
DEBUG:root:Order:0 2 5
DEBUG:root:Order:19 2 5
DEBUG:root:Finish turn

DEBUG:root:Order:5 0 1
DEBUG:root:Order:5 19 1
DEBUG:root:Order:5 4 2
DEBUG:root:Order:11 4 1
DEBUG:root:Finish turn

DEBUG:root:Order:2 0 2
DEBUG:root:Order:2 19 2
DEBUG:root:Order:2 9 1
DEBUG:root:Finish turn

DEBUG:root:Order:5 0 29
DEBUG:root:Order:11 0 29
DEBUG:root:Order:4 0 27
DEBUG:root:Order:15 0 27
DEBUG:root:Order:2 0 26
DEBUG:root:Order:9 0 25
DEBUG:root:Order:19 0 24
DEBUG:root:Finish turn

DEBUG:root:Order:2 0 2
DEBUG:root:Order:5 0 2
DEBUG:root:Order:11 0 1
DEBUG:root:Finish turn

DEBUG:root:Order:2 0 3
DEBUG:root:Order:5 0 1
DEBUG:root:Order:5 19 3
DEBUG:root:Order:5 4 1
DEBUG:root:Order:5 9 1
DEBUG:root:Finish turn

DEBUG:root:Order:11 0 1
DEBUG:root:Order:11 19 1
DEBUG:root:Order:11 4 3
DEBUG:root:Order:2 4 2
DEBUG:root:Order:15 4 1
DEBUG:root:Finish turn

DEBUG:root:Order:4 14 6
DEBUG:root:Order:2 14 4
DEBUG:root:Order:5 14 3
DEBUG:root:Order:15 14 2
DEBUG:root:Order:11 14 1
DEBUG:root:Finish turn

DEBUG:root:Order:2 0 2
DEBUG:root:Order:2 19 2
DEBUG:root:Order:2 4 2
DEBUG:root:Order:5 4 2
DEBUG:root:Order:11 4 1
DEBUG:root:Finish turn

DEBUG:root:Order:4 0 2
DEBUG:root:Order:4 19 2
DEBUG:root:Order:4 2 1
DEBUG:root:Order:4 9 1
DEBUG:root:Finish turn

DEBUG:root:Order:5 4 3
DEBUG:root:Order:5 0 2
DEBUG:root:Order:5 19 2
DEBUG:root:Order:5 9 1
DEBUG:root:Finish turn

DEBUG:root:Order:2 8 15
DEBUG:root:Order:11 8 15
DEBUG:root:Order:14 8 14
DEBUG:root:Order:15 8 12
DEBUG:root:Order:4 8 10
DEBUG:root:Order:5 8 10
DEBUG:root:Order:9 8 10
DEBUG:root:Order:0 8 9
DEBUG:root:Order:19 8 9
DEBUG:root:Finish turn

DEBUG:root:Order:2 8 2
DEBUG:root:Order:5 8 2
DEBUG:root:Order:11 8 1
DEBUG:root:Order:14 8 1
DEBUG:root:Finish turn

DEBUG:root:Order:2 8 2
DEBUG:root:Order:5 8 1
DEBUG:root:Order:5 19 2
DEBUG:root:Order:11 19 1
DEBUG:root:Order:11 4 1
DEBUG:root:Order:11 9 1
DEBUG:root:Finish turn

DEBUG:root:Order:2 19 2
DEBUG:root:Order:2 4 1
DEBUG:root:Order:2 9 1
DEBUG:root:Order:2 11 2
DEBUG:root:Order:14 11 2
DEBUG:root:Order:5 11 1
DEBUG:root:Finish turn

DEBUG:root:Bad order:8 7.0 49
DEBUG:root:Order:11 19 5
DEBUG:root:Order:5 19 2
DEBUG:root:Order:14 19 1
DEBUG:root:Finish turn

DEBUG:root:Order:5 8 24
DEBUG:root:Order:11 8 23
DEBUG:root:Order:14 8 23
DEBUG:root:Order:2 8 22
DEBUG:root:Order:15 8 22
DEBUG:root:Order:4 8 10
DEBUG:root:Order:4 19 19
DEBUG:root:Order:9 19 11
DEBUG:root:Finish turn

DEBUG:root:Order:9 4 7
DEBUG:root:Order:2 4 2
DEBUG:root:Order:5 4 1
DEBUG:root:Order:5 8 2
DEBUG:root:Order:5 19 2
DEBUG:root:Finish turn

DEBUG:root:Order:2 0 2
DEBUG:root:Order:11 0 1
DEBUG:root:Order:11 8 2
DEBUG:root:Order:11 19 2
DEBUG:root:Order:11 4 1
DEBUG:root:Order:11 5 2
DEBUG:root:Order:14 5 2
DEBUG:root:Finish turn

DEBUG:root:Order:5 0 29
DEBUG:root:Order:2 0 26
DEBUG:root:Order:14 0 25
DEBUG:root:Order:15 0 24
DEBUG:root:Order:4 0 22
DEBUG:root:Order:9 0 22
DEBUG:root:Order:8 0 21
DEBUG:root:Order:19 0 21
DEBUG:root:Order:11 0 19
DEBUG:root:Finish turn

DEBUG:root:Order:2 0 2
DEBUG:root:Order:5 0 2
DEBUG:root:Order:11 0 1
DEBUG:root:Order:14 0 1
DEBUG:root:Order:14 8 1
DEBUG:root:Order:14 19 1
DEBUG:root:Order:14 4 1
DEBUG:root:Finish turn

DEBUG:root:Order:2 8 2
DEBUG:root:Order:2 19 2
DEBUG:root:Order:2 9 1
DEBUG:root:Order:2 14 1
DEBUG:root:Order:2 4 2
DEBUG:root:Order:5 4 2
DEBUG:root:Order:11 4 1
DEBUG:root:Finish turn

DEBUG:root:Order:4 19 17
DEBUG:root:Order:5 19 16
DEBUG:root:Order:11 19 15
DEBUG:root:Order:14 19 14
DEBUG:root:Order:15 19 14
DEBUG:root:Order:9 19 12
DEBUG:root:Order:8 19 11
DEBUG:root:Order:2 19 10
DEBUG:root:Finish turn

DEBUG:root:Order:2 19 2
DEBUG:root:Order:5 19 2
DEBUG:root:Order:5 8 1
DEBUG:root:Order:5 4 2
DEBUG:root:Order:11 4 1
DEBUG:root:Order:14 4 1
DEBUG:root:Finish turn

DEBUG:root:Order:8 22 76.0
DEBUG:root:Order:2 8 10
DEBUG:root:Order:4 8 10
DEBUG:root:Order:11 8 9
DEBUG:root:Order:14 8 9
DEBUG:root:Order:15 8 8
DEBUG:root:Order:5 8 7
DEBUG:root:Order:9 8 6
DEBUG:root:Order:19 8 5
DEBUG:root:Finish turn

DEBUG:root:Order:2 8 2
DEBUG:root:Order:5 8 2
DEBUG:root:Order:11 8 1
DEBUG:root:Order:14 8 1
DEBUG:root:Finish turn

DEBUG:root:Order:2 4 6
DEBUG:root:Order:5 4 6
DEBUG:root:Order:11 4 5
DEBUG:root:Order:14 4 5
DEBUG:root:Order:15 4 4
DEBUG:root:Order:9 4 2
DEBUG:root:Order:9 8 2
DEBUG:root:Finish turn

DEBUG:root:Order:2 9 2
DEBUG:root:Order:2 4 1
DEBUG:root:Order:2 19 1
DEBUG:root:Order:2 8 2
DEBUG:root:Order:5 8 2
DEBUG:root:Order:11 8 1
DEBUG:root:Order:14 8 1
DEBUG:root:Finish turn

DEBUG:root:Order:8 19 2
DEBUG:root:Order:8 2 1
DEBUG:root:Order:8 4 1
DEBUG:root:Order:8 9 1
DEBUG:root:Finish turn

DEBUG:root:Order:5 8 3
DEBUG:root:Order:5 19 2
DEBUG:root:Order:5 4 1
DEBUG:root:Order:5 9 1
DEBUG:root:Finish turn

DEBUG:root:Order:2 8 2
DEBUG:root:Order:2 19 2
DEBUG:root:Order:2 4 1
DEBUG:root:Order:2 9 1
DEBUG:root:Order:2 5 3
DEBUG:root:Order:11 5 3
DEBUG:root:Order:14 5 3
DEBUG:root:Finish turn

DEBUG:root:Order:5 22 19
DEBUG:root:Bad order:0 1.0 14
DEBUG:root:Order:11 22 10
DEBUG:root:Order:14 22 10
DEBUG:root:Order:15 22 9
DEBUG:root:Order:4 22 7
DEBUG:root:Order:9 22 7
DEBUG:root:Order:8 22 6
DEBUG:root:Order:19 22 6
DEBUG:root:Order:2 22 5
DEBUG:root:Finish turn

DEBUG:root:Order:2 9 19
DEBUG:root:Order:5 9 19
DEBUG:root:Order:11 9 18
DEBUG:root:Order:14 9 18
DEBUG:root:Order:15 9 17
DEBUG:root:Order:4 9 16
DEBUG:root:Order:8 9 15
DEBUG:root:Order:19 9 15
DEBUG:root:Finish turn

DEBUG:root:Bad order:0 7.0 34
DEBUG:root:Order:2 15 11
DEBUG:root:Bad order:5 8.0 11
DEBUG:root:Order:11 15 10
DEBUG:root:Order:14 15 10
DEBUG:root:Order:4 15 8
DEBUG:root:Order:8 15 7
DEBUG:root:Order:19 15 7
DEBUG:root:Order:9 15 5
DEBUG:root:Finish turn

DEBUG:root:Bad order:5 13.0 30
DEBUG:root:Bad order:2 10.0 19
DEBUG:root:Bad order:11 10.0 18
DEBUG:root:Bad order:14 10.0 18
DEBUG:root:Order:4 0 16
DEBUG:root:Order:9 0 16
DEBUG:root:Order:8 0 15
DEBUG:root:Order:19 0 15
DEBUG:root:Finish turn

DEBUG:root:Bad order:5 21.0 36
DEBUG:root:Bad order:2 15.0 25
DEBUG:root:Bad order:11 14.0 23
DEBUG:root:Order:4 0 3
DEBUG:root:Order:9 0 3
DEBUG:root:Order:19 0 2
DEBUG:root:Finish turn

DEBUG:root:Bad order:5 26.0 38
DEBUG:root:Bad order:2 20.0 27
DEBUG:root:Bad order:11 18.0 24
DEBUG:root:Finish turn

DEBUG:root:Bad order:5 34.0 40
DEBUG:root:Bad order:2 25.0 29
DEBUG:root:Bad order:11 22.0 25
DEBUG:root:Finish turn

DEBUG:root:Bad order:5 39.0 41
DEBUG:root:Order:2 0 30
DEBUG:root:Order:11 0 18
DEBUG:root:Bad order:11 8.0 25
DEBUG:root:Finish turn

DEBUG:root:Bad order:22 3.0 37
DEBUG:root:Bad order:22 3.0 13
DEBUG:root:Bad order:22 3.0 13
DEBUG:root:Bad order:22 3.0 9
DEBUG:root:Bad order:22 3.0 7
DEBUG:root:Order:22 2 2
DEBUG:root:Finish turn

DEBUG:root:Bad order:5 49.0 64
DEBUG:root:Bad order:11 16.0 28
DEBUG:root:Bad order:2 11.0 25
DEBUG:root:Bad order:0 0.0 14
DEBUG:root:Order:9 22 13
DEBUG:root:Finish turn

DEBUG:root:Bad order:5 57.0 63
DEBUG:root:Bad order:11 20.0 26
DEBUG:root:Bad order:2 16.0 24
DEBUG:root:Bad order:8 5.0 18
DEBUG:root:Bad order:0 1.0 9
DEBUG:root:Finish turn

DEBUG:root:Bad order:5 62.0 96
DEBUG:root:Bad order:11 24.0 58
DEBUG:root:Bad order:2 21.0 57
DEBUG:root:Bad order:0 2.0 38
DEBUG:root:Order:9 8 26
DEBUG:root:Order:15 8 14
DEBUG:root:Finish turn

DEBUG:root:Bad order:5 67.0 103
DEBUG:root:Bad order:2 26.0 64
DEBUG:root:Bad order:11 28.0 64
DEBUG:root:Order:15 8 5
DEBUG:root:Order:9 8 4
DEBUG:root:Finish turn

DEBUG:root:Bad order:5 72.0 105
DEBUG:root:Bad order:2 31.0 66
DEBUG:root:Bad order:11 32.0 65
DEBUG:root:Finish turn

DEBUG:root:Bad order:5 77.0 106
DEBUG:root:Bad order:2 36.0 67
DEBUG:root:Bad order:11 36.0 65
DEBUG:root:Finish turn

DEBUG:root:Bad order:5 82.0 91
DEBUG:root:Bad order:2 41.0 52
DEBUG:root:Bad order:11 40.0 49
DEBUG:root:Finish turn

DEBUG:root:Bad order:5 87.0 92
DEBUG:root:Bad order:2 46.0 53
DEBUG:root:Bad order:11 44.0 49
DEBUG:root:Finish turn

DEBUG:root:Bad order:5 92.0 94
DEBUG:root:Bad order:2 51.0 55
DEBUG:root:Bad order:11 48.0 50
DEBUG:root:Finish turn

DEBUG:root:Order:5 8 96
DEBUG:root:Bad order:2 56.0 57
DEBUG:root:Order:11 8 51
DEBUG:root:Finish turn

DEBUG:root:Order:2 8 34
DEBUG:root:Order:2 9 26
DEBUG:root:Finish turn

DEBUG:root:Bad order:5 11.0 42
DEBUG:root:Bad order:2 8.0 39
DEBUG:root:Order:9 11 37
DEBUG:root:Bad order:8 25.0 36
DEBUG:root:Finish turn

DEBUG:root:Bad order:5 16.0 53
DEBUG:root:Bad order:2 13.0 50
DEBUG:root:Order:9 11 8
DEBUG:root:Finish turn

DEBUG:root:Bad order:5 21.0 54
DEBUG:root:Bad order:2 18.0 51
DEBUG:root:Finish turn

DEBUG:root:Bad order:5 26.0 35
DEBUG:root:Order:5 9 12
DEBUG:root:Finish turn

DEBUG:root:Bad order:5 19.0 34
DEBUG:root:Order:5 9 2
DEBUG:root:Finish turn

DEBUG:root:Bad order:5 22.0 33
DEBUG:root:Order:5 9 2
DEBUG:root:Finish turn

DEBUG:root:Bad order:5 25.0 33
DEBUG:root:Finish turn

DEBUG:root:Bad order:5 30.0 33
DEBUG:root:Finish turn

DEBUG:root:Order:5 2 32
DEBUG:root:Order:5 8 2
DEBUG:root:Finish turn

DEBUG:root:Order:2 5 25
DEBUG:root:Bad order:8 2.0 21
DEBUG:root:Finish turn

DEBUG:root:Order:2 5 10
DEBUG:root:Finish turn

DEBUG:root:Finish turn

DEBUG:root:Finish turn

DEBUG:root:Finish turn

DEBUG:root:Finish turn

DEBUG:root:Finish turn

DEBUG:root:Finish turn

DEBUG:root:Finish turn

DEBUG:root:Finish turn

DEBUG:root:Finish turn

DEBUG:root:Finish turn

DEBUG:root:Finish turn

DEBUG:root:Finish turn

